<?xml version="1.0" encoding="UTF-8"?>
<!-- Generated by org.testng.reporters.JUnitXMLReporter -->
<testsuite hostname="LAPTOP-8RQVFFOA" ignored="0" name="Test" tests="2" failures="0" timestamp="2021-06-01T13:35:28 IST" time="58.874" errors="0">
  <testcase name="toCheckSearchingAndSortingFuctionality" time="20.181" classname="testCase.AmazonTestCases"/>
  <testcase name="toCheckSearchingAndSortingAndWishListFuctionality" time="38.63" classname="testCase.AmazonTestCases"/>
</testsuite> <!-- Test -->
