<?xml version="1.0" encoding="UTF-8"?>
<testng-results skipped="0" failed="0" ignored="0" total="2" passed="2">
  <reporter-output>
  </reporter-output>
  <suite name="Suite" duration-ms="58874" started-at="2021-06-01T13:34:29 IST" finished-at="2021-06-01T13:35:28 IST">
    <groups>
      <group name="Scenario Two">
        <method signature="AmazonTestCases.toCheckSearchingAndSortingAndWishListFuctionality()[pri:1, instance:testCase.AmazonTestCases@3234e239]" name="toCheckSearchingAndSortingAndWishListFuctionality" class="testCase.AmazonTestCases"/>
      </group> <!-- Scenario Two -->
      <group name="Scenario One">
        <method signature="AmazonTestCases.toCheckSearchingAndSortingFuctionality()[pri:0, instance:testCase.AmazonTestCases@3234e239]" name="toCheckSearchingAndSortingFuctionality" class="testCase.AmazonTestCases"/>
      </group> <!-- Scenario One -->
    </groups>
    <test name="Test" duration-ms="58874" started-at="2021-06-01T13:34:29 IST" finished-at="2021-06-01T13:35:28 IST">
      <class name="testCase.AmazonTestCases">
        <test-method status="PASS" signature="toCheckSearchingAndSortingFuctionality()[pri:0, instance:testCase.AmazonTestCases@3234e239]" name="toCheckSearchingAndSortingFuctionality" duration-ms="20181" started-at="2021-06-01T13:34:29 IST" finished-at="2021-06-01T13:34:49 IST">
          <reporter-output>
          </reporter-output>
        </test-method> <!-- toCheckSearchingAndSortingFuctionality -->
        <test-method status="PASS" signature="toCheckSearchingAndSortingAndWishListFuctionality()[pri:1, instance:testCase.AmazonTestCases@3234e239]" name="toCheckSearchingAndSortingAndWishListFuctionality" duration-ms="38630" started-at="2021-06-01T13:34:49 IST" finished-at="2021-06-01T13:35:28 IST">
          <reporter-output>
          </reporter-output>
        </test-method> <!-- toCheckSearchingAndSortingAndWishListFuctionality -->
      </class> <!-- testCase.AmazonTestCases -->
    </test> <!-- Test -->
  </suite> <!-- Suite -->
</testng-results>
